# JRE version: OpenJDK Runtime Environment (11.0.8+10) (build 11.0.8+10-b944.6842174)
# Java VM: OpenJDK 64-Bit Server VM (11.0.8+10-b944.6842174, mixed mode, tiered, compressed oops, g1 gc, windows-amd64)
Heap:
 garbage-first heap   total 194560K, used 91173K [0x0000000080000000, 0x0000000100000000)
  region size 1024K, 58 young (59392K), 11 survivors (11264K)
 Metaspace       used 51330K, capacity 52477K, committed 52608K, reserved 1095680K
  class space    used 6542K, capacity 6974K, committed 7040K, reserved 1048576K
GC Heap History (14 events):
Event: 1.740 GC heap before
{Heap before GC invocations=0 (full 0):
 garbage-first heap   total 194560K, used 29696K [0x0000000080000000, 0x0000000100000000)
  region size 1024K, 24 young (24576K), 0 survivors (0K)
 Metaspace       used 10681K, capacity 10887K, committed 11008K, reserved 1058816K
  class space    used 1129K, capacity 1201K, committed 1280K, reserved 1048576K
}
Event: 1.748 GC heap after
{Heap after GC invocations=1 (full 0):
 garbage-first heap   total 194560K, used 8796K [0x0000000080000000, 0x0000000100000000)
  region size 1024K, 3 young (3072K), 3 survivors (3072K)
 Metaspace       used 10681K, capacity 10887K, committed 11008K, reserved 1058816K
  class space    used 1129K, capacity 1201K, committed 1280K, reserved 1048576K
}
Event: 5.352 GC heap before
{Heap before GC invocations=1 (full 0):
 garbage-first heap   total 194560K, used 93788K [0x0000000080000000, 0x0000000100000000)
  region size 1024K, 88 young (90112K), 3 survivors (3072K)
 Metaspace       used 20637K, capacity 21112K, committed 21248K, reserved 1067008K
  class space    used 2533K, capacity 2711K, committed 2816K, reserved 1048576K
}
Event: 5.366 GC heap after
{Heap after GC invocations=2 (full 0):
 garbage-first heap   total 194560K, used 15905K [0x0000000080000000, 0x0000000100000000)
  region size 1024K, 10 young (10240K), 10 survivors (10240K)
 Metaspace       used 20637K, capacity 21112K, committed 21248K, reserved 1067008K
  class space    used 2533K, capacity 2711K, committed 2816K, reserved 1048576K
}
Event: 5.831 GC heap before
{Heap before GC invocations=3 (full 0):
 garbage-first heap   total 194560K, used 37409K [0x0000000080000000, 0x0000000100000000)
  region size 1024K, 32 young (32768K), 10 survivors (10240K)
 Metaspace       used 22820K, capacity 23393K, committed 23680K, reserved 1069056K
  class space    used 2915K, capacity 3111K, committed 3200K, reserved 1048576K
}
Event: 5.840 GC heap after
{Heap after GC invocations=4 (full 0):
 garbage-first heap   total 194560K, used 17270K [0x0000000080000000, 0x0000000100000000)
  region size 1024K, 2 young (2048K), 2 survivors (2048K)
 Metaspace       used 22820K, capacity 23393K, committed 23680K, reserved 1069056K
  class space    used 2915K, capacity 3111K, committed 3200K, reserved 1048576K
}
Event: 7.716 GC heap before
{Heap before GC invocations=4 (full 0):
 garbage-first heap   total 194560K, used 84854K [0x0000000080000000, 0x0000000100000000)
  region size 1024K, 69 young (70656K), 2 survivors (2048K)
 Metaspace       used 33804K, capacity 34468K, committed 34688K, reserved 1079296K
  class space    used 4375K, capacity 4634K, committed 4736K, reserved 1048576K
}
Event: 7.727 GC heap after
{Heap after GC invocations=5 (full 0):
 garbage-first heap   total 194560K, used 20924K [0x0000000080000000, 0x0000000100000000)
  region size 1024K, 5 young (5120K), 5 survivors (5120K)
 Metaspace       used 33804K, capacity 34468K, committed 34688K, reserved 1079296K
  class space    used 4375K, capacity 4634K, committed 4736K, reserved 1048576K
}
Event: 8.004 GC heap before
{Heap before GC invocations=5 (full 0):
 garbage-first heap   total 194560K, used 28092K [0x0000000080000000, 0x0000000100000000)
  region size 1024K, 13 young (13312K), 5 survivors (5120K)
 Metaspace       used 35123K, capacity 35776K, committed 35840K, reserved 1081344K
  class space    used 4569K, capacity 4857K, committed 4864K, reserved 1048576K
}
Event: 8.017 GC heap after
{Heap after GC invocations=6 (full 0):
 garbage-first heap   total 194560K, used 21630K [0x0000000080000000, 0x0000000100000000)
  region size 1024K, 6 young (6144K), 6 survivors (6144K)
 Metaspace       used 35123K, capacity 35776K, committed 35840K, reserved 1081344K
  class space    used 4569K, capacity 4857K, committed 4864K, reserved 1048576K
}
Event: 10.359 GC heap before
{Heap before GC invocations=7 (full 0):
 garbage-first heap   total 194560K, used 100478K [0x0000000080000000, 0x0000000100000000)
  region size 1024K, 80 young (81920K), 6 survivors (6144K)
 Metaspace       used 42114K, capacity 43046K, committed 43136K, reserved 1087488K
  class space    used 5406K, capacity 5720K, committed 5760K, reserved 1048576K
}
Event: 10.370 GC heap after
{Heap after GC invocations=8 (full 0):
 garbage-first heap   total 194560K, used 25690K [0x0000000080000000, 0x0000000100000000)
  region size 1024K, 9 young (9216K), 9 survivors (9216K)
 Metaspace       used 42114K, capacity 43046K, committed 43136K, reserved 1087488K
  class space    used 5406K, capacity 5720K, committed 5760K, reserved 1048576K
}
Event: 12.825 GC heap before
{Heap before GC invocations=8 (full 0):
 garbage-first heap   total 194560K, used 111706K [0x0000000080000000, 0x0000000100000000)
  region size 1024K, 88 young (90112K), 9 survivors (9216K)
 Metaspace       used 44989K, capacity 46110K, committed 46336K, reserved 1089536K
  class space    used 5764K, capacity 6143K, committed 6144K, reserved 1048576K
}
Event: 12.843 GC heap after
{Heap after GC invocations=9 (full 0):
 garbage-first heap   total 194560K, used 44069K [0x0000000080000000, 0x0000000100000000)
  region size 1024K, 11 young (11264K), 11 survivors (11264K)
 Metaspace       used 44989K, capacity 46110K, committed 46336K, reserved 1089536K
  class space    used 5764K, capacity 6143K, committed 6144K, reserved 1048576K
}

